[2019-04-13 20:21:50] logger.ERROR: Error in fetch Architect\test\AutoIncGen-PDOException: SQLSTATE[42S22]: Column not found: 1054 Unknown column 't.parent_id' in 'where clause' in /home/nigel/eclipse-workspace/Architect/src/util/Model.php:175 Stack trace: #0 /home/nigel/eclipse-workspace/Architect/src/util/Model.php(175): PDOStatement->execute(Array) #1 /home/nigel/eclipse-workspace/Architect/tests/model/AutoIncGen.php(59): Architect\util\Model->fetchList(Array, 't.`parent_id` =...') #2 /home/nigel/eclipse-workspace/Architect/tests/modelTest/AutoIncTest.php(193): Architect\test\AutoIncGen->getAutoInc2() #3 [internal function]: AutoIncTest->testAutoIncLoadSub() #4 phar:///usr/local/bin/phpunit/phpunit/Framework/TestCase.php(1069): ReflectionMethod->invokeArgs(Object(AutoIncTest), Array) #5 phar:///usr/local/bin/phpunit/phpunit/Framework/TestCase.php(928): PHPUnit\Framework\TestCase->runTest() #6 phar:///usr/local/bin/phpunit/phpunit/Framework/TestResult.php(695): PHPUnit\Framework\TestCase->runBare() #7 phar:///usr/local/bin/phpunit/phpunit/Framework/TestCase.php(883): PHPUnit\Framework\TestResult->run(Object(AutoIncTest)) #8 Standard input code(55): PHPUnit\Framework\TestCase->run(Object(PHPUnit\Framework\TestResult)) #9 Standard input code(107): __phpunit_run_isolated_test() #10 {main} [] []
[2019-04-13 20:22:33] logger.ERROR: Error in fetch Architect\test\AutoIncGen-PDOException: SQLSTATE[42S22]: Column not found: 1054 Unknown column 't.parent_id' in 'where clause' in /home/nigel/eclipse-workspace/Architect/src/util/Model.php:175 Stack trace: #0 /home/nigel/eclipse-workspace/Architect/src/util/Model.php(175): PDOStatement->execute(Array) #1 /home/nigel/eclipse-workspace/Architect/tests/model/AutoIncGen.php(59): Architect\util\Model->fetchList(Array, 't.`parent_id` =...') #2 /home/nigel/eclipse-workspace/Architect/tests/modelTest/AutoIncTest.php(193): Architect\test\AutoIncGen->getAutoInc2() #3 [internal function]: AutoIncTest->testAutoIncLoadSub() #4 phar:///usr/local/bin/phpunit/phpunit/Framework/TestCase.php(1069): ReflectionMethod->invokeArgs(Object(AutoIncTest), Array) #5 phar:///usr/local/bin/phpunit/phpunit/Framework/TestCase.php(928): PHPUnit\Framework\TestCase->runTest() #6 phar:///usr/local/bin/phpunit/phpunit/Framework/TestResult.php(695): PHPUnit\Framework\TestCase->runBare() #7 phar:///usr/local/bin/phpunit/phpunit/Framework/TestCase.php(883): PHPUnit\Framework\TestResult->run(Object(AutoIncTest)) #8 Standard input code(55): PHPUnit\Framework\TestCase->run(Object(PHPUnit\Framework\TestResult)) #9 Standard input code(107): __phpunit_run_isolated_test() #10 {main} [] []
[2019-04-13 20:23:03] logger.ERROR: Error in fetch Architect\test\AutoIncGen-PDOException: SQLSTATE[42S22]: Column not found: 1054 Unknown column 't.parent_id' in 'where clause' in /home/nigel/eclipse-workspace/Architect/src/util/Model.php:179 Stack trace: #0 /home/nigel/eclipse-workspace/Architect/src/util/Model.php(179): PDOStatement->execute(Array) #1 /home/nigel/eclipse-workspace/Architect/tests/model/AutoIncGen.php(59): Architect\util\Model->fetchList(Array, 't.`parent_id` =...') #2 /home/nigel/eclipse-workspace/Architect/tests/modelTest/AutoIncTest.php(193): Architect\test\AutoIncGen->getAutoInc2() #3 [internal function]: AutoIncTest->testAutoIncLoadSub() #4 phar:///usr/local/bin/phpunit/phpunit/Framework/TestCase.php(1069): ReflectionMethod->invokeArgs(Object(AutoIncTest), Array) #5 phar:///usr/local/bin/phpunit/phpunit/Framework/TestCase.php(928): PHPUnit\Framework\TestCase->runTest() #6 phar:///usr/local/bin/phpunit/phpunit/Framework/TestResult.php(695): PHPUnit\Framework\TestCase->runBare() #7 phar:///usr/local/bin/phpunit/phpunit/Framework/TestCase.php(883): PHPUnit\Framework\TestResult->run(Object(AutoIncTest)) #8 Standard input code(55): PHPUnit\Framework\TestCase->run(Object(PHPUnit\Framework\TestResult)) #9 Standard input code(107): __phpunit_run_isolated_test() #10 {main} [] []
[2020-01-18 11:41:27] logger.ERROR: Find container bert failed:Undefined offset: 0 [] []
[2020-01-18 11:41:47] logger.ERROR: Find container bert failed:Undefined offset: 0 [] []
[2020-01-18 11:41:47] logger.ERROR: Start container 326c7d6393b6374dfcb402e1b50825594d5fde9e0ba24b46d7a6bc8b60ab0c58 failed:Syntax error [] []
